INFO: [VRFC 10-163] Analyzing VHDL file "E:/an3sem1/labSSCMIPS/MMX/MMX.srcs/sources_1/new/adder.vhd" into library xil_defaultlib
INFO: [VRFC 10-307] analyzing entity adder
INFO: [VRFC 10-163] Analyzing VHDL file "E:/an3sem1/labSSCMIPS/MMX/MMX.srcs/sources_1/new/adder_32bits.vhd" into library xil_defaultlib
INFO: [VRFC 10-307] analyzing entity adder_32bits
INFO: [VRFC 10-163] Analyzing VHDL file "E:/an3sem1/labSSCMIPS/MMX/MMX.srcs/sources_1/new/adder_8bits.vhd" into library xil_defaultlib
INFO: [VRFC 10-307] analyzing entity adder_8bits
INFO: [VRFC 10-163] Analyzing VHDL file "E:/an3sem1/labSSCMIPS/MMX/MMX.srcs/sources_1/new/adder_16bits.vhd" into library xil_defaultlib
INFO: [VRFC 10-307] analyzing entity adder_16bits
INFO: [VRFC 10-163] Analyzing VHDL file "E:/an3sem1/labSSCMIPS/MMX/MMX.srcs/sources_1/new/REG_FILE.vhd" into library xil_defaultlib
INFO: [VRFC 10-307] analyzing entity REG_FILE
INFO: [VRFC 10-163] Analyzing VHDL file "E:/an3sem1/labSSCMIPS/MMX/MMX.srcs/sources_1/new/mux15_1.vhd" into library xil_defaultlib
INFO: [VRFC 10-307] analyzing entity mux15_1
INFO: [VRFC 10-163] Analyzing VHDL file "E:/an3sem1/labSSCMIPS/MMX/MMX.srcs/sources_1/new/MainControl.vhd" into library xil_defaultlib
INFO: [VRFC 10-307] analyzing entity MainControl
INFO: [VRFC 10-163] Analyzing VHDL file "E:/an3sem1/labSSCMIPS/MMX/MMX.srcs/sources_1/new/alu8.vhd" into library xil_defaultlib
INFO: [VRFC 10-307] analyzing entity alu8
INFO: [VRFC 10-163] Analyzing VHDL file "E:/an3sem1/labSSCMIPS/MMX/MMX.srcs/sources_1/new/alu64.vhd" into library xil_defaultlib
INFO: [VRFC 10-307] analyzing entity alu64
INFO: [VRFC 10-163] Analyzing VHDL file "E:/an3sem1/labSSCMIPS/MMX/MMX.srcs/sources_1/new/alu32.vhd" into library xil_defaultlib
INFO: [VRFC 10-307] analyzing entity alu32
INFO: [VRFC 10-163] Analyzing VHDL file "E:/an3sem1/labSSCMIPS/MMX/MMX.srcs/sources_1/new/alu16.vhd" into library xil_defaultlib
INFO: [VRFC 10-307] analyzing entity alu16
INFO: [VRFC 10-163] Analyzing VHDL file "E:/an3sem1/labSSCMIPS/MMX/MMX.srcs/sources_1/new/Main.vhd" into library xil_defaultlib
INFO: [VRFC 10-307] analyzing entity Main
