Vivado Simulator 2016.4
Copyright 1986-1999, 2001-2016 Xilinx, Inc. All Rights Reserved.
Running: E:/Vivaldo/Vivado/2016.4/bin/unwrapped/win64.o/xelab.exe -wto 7b668a554e1d45c79d15d62bf5d1bf0b --debug typical --relax --mt 2 -L xil_defaultlib -L secureip --snapshot Main_behav xil_defaultlib.Main -log elaborate.log 
Using 2 slave threads.
Starting static elaboration
Completed static elaboration
Starting simulation data flow analysis
Completed simulation data flow analysis
Time Resolution for simulation is 1ps
Compiling package std.standard
Compiling package std.textio
Compiling package ieee.std_logic_1164
Compiling package ieee.std_logic_arith
Compiling package ieee.std_logic_unsigned
Compiling architecture behavioral of entity xil_defaultlib.MainControl [maincontrol_default]
Compiling architecture behavioral of entity xil_defaultlib.REG_FILE [reg_file_default]
Compiling architecture behavioral of entity xil_defaultlib.alu64 [alu64_default]
Compiling architecture behavioral of entity xil_defaultlib.adder [adder_default]
Compiling architecture behavioral of entity xil_defaultlib.adder_32bits [adder_32bits_default]
Compiling architecture behavioral of entity xil_defaultlib.alu32 [alu32_default]
Compiling architecture behavioral of entity xil_defaultlib.adder_16bits [adder_16bits_default]
Compiling architecture behavioral of entity xil_defaultlib.alu16 [alu16_default]
Compiling architecture behavioral of entity xil_defaultlib.adder_8bits [adder_8bits_default]
Compiling architecture behavioral of entity xil_defaultlib.alu8 [alu8_default]
Compiling architecture behavioral of entity xil_defaultlib.mux15_1 [mux15_1_default]
Compiling architecture behavioral of entity xil_defaultlib.main
Built simulation snapshot Main_behav
